gc2229
*   ddb2709 final 8
|\  
| *   51c34d7 down3 6
| |\  
| | * 1b40dc4 down2 3
* | |   2699334 up3 7
|\ \ \  
| |/ /  
|/| |   
| * | 4409d91 up2 4
* | |   47d9a7d mid 5
|\ \ \  
| |/ /  
|/| /   
| |/    
| * 1034873 down1 2
* | fc80292 up1 1
|/  
* 66dcdbb master 0

yx1271
*   f59ce8a finnal
|\  
| *   86701ee 7th
| |\  
| | * 214d6fc 5th
* | |   485e429 8th
|\ \ \  
| |/ /  
|/| |   
| * | a621786 4th
* | |   76cb159 6th
|\ \ \  
| | |/  
| |/|   
| * | a5b470f 2nd
* | | f12e3b2 6th
| |/  
|/|   
* | 1bcf44c 3rd
|/  
* e0b03fc 1st
